[debug] [2017-07-07T23:20:08.605Z] ----------------------------------------------------------------------
[debug] [2017-07-07T23:20:08.607Z] Command:      C:\Program Files\nodejs\node.exe C:\Users\joky_\AppData\Roaming\npm\node_modules\firebase-tools\bin\firebase deploy
[debug] [2017-07-07T23:20:08.607Z] CLI Version:  3.9.1
[debug] [2017-07-07T23:20:08.607Z] Platform:     win32
[debug] [2017-07-07T23:20:08.607Z] Node Version: v6.11.0
[debug] [2017-07-07T23:20:08.608Z] Time:         Sat Jul 08 2017 00:20:08 GMT+0100 (Hora de Ver達o de GMT)
[debug] [2017-07-07T23:20:08.608Z] ----------------------------------------------------------------------
[debug] 
[debug] [2017-07-07T23:20:08.616Z] > command requires scopes: ["email","openid","https://www.googleapis.com/auth/cloudplatformprojects.readonly","https://www.googleapis.com/auth/firebase","https://www.googleapis.com/auth/cloud-platform"]
[debug] [2017-07-07T23:20:08.617Z] > authorizing via signed-in user
[debug] [2017-07-07T23:20:08.619Z] >>> HTTP REQUEST GET https://admin.firebase.com/v1/projects/mojo-f1efb  
 Sat Jul 08 2017 00:20:08 GMT+0100 (Hora de Ver達o de GMT)
[debug] [2017-07-07T23:20:09.564Z] <<< HTTP RESPONSE 200
[debug] [2017-07-07T23:20:09.565Z] >>> HTTP REQUEST GET https://admin.firebase.com/v1/database/mojo-f1efb/tokens  
 Sat Jul 08 2017 00:20:09 GMT+0100 (Hora de Ver達o de GMT)
[debug] [2017-07-07T23:20:10.689Z] <<< HTTP RESPONSE 200
[info] 
[info] === Deploying to 'mojo-f1efb'...
[info] 
[info] i  deploying hosting
[info] i  hosting: preparing public directory for upload...
[debug] [2017-07-07T23:20:12.326Z] >>> HTTP REQUEST PUT https://deploy.firebase.com/v1/hosting/mojo-f1efb/uploads/-KoULb3ATW8Z0yqlbPLz?fileCount=26&message=  
 Sat Jul 08 2017 00:20:12 GMT+0100 (Hora de Ver達o de GMT)
